2022-05-18 12:44:38.587  INFO 3888 --- [main] c.z.backend.ScanRobotBackendApplication  : Starting ScanRobotBackendApplication using Java 1.8.0_332 on DESKTOP-1GM39PP with PID 3888 (D:\GitHub\scan-robot-backend\target\classes started by a3352 in D:\GitHub\scan-robot-backend)
2022-05-18 12:44:38.591  INFO 3888 --- [main] c.z.backend.ScanRobotBackendApplication  : No active profile set, falling back to 1 default profile: "default"
2022-05-18 12:44:39.458  INFO 3888 --- [main] o.s.b.w.embedded.tomcat.TomcatWebServer  : Tomcat initialized with port(s): 3000 (http)
2022-05-18 12:44:39.465  INFO 3888 --- [main] o.apache.catalina.core.StandardService   : Starting service [Tomcat]
2022-05-18 12:44:39.465  INFO 3888 --- [main] org.apache.catalina.core.StandardEngine  : Starting Servlet engine: [Apache Tomcat/9.0.62]
2022-05-18 12:44:39.565  INFO 3888 --- [main] o.a.c.c.C.[Tomcat].[localhost].[/]       : Initializing Spring embedded WebApplicationContext
2022-05-18 12:44:39.566  INFO 3888 --- [main] w.s.c.ServletWebServerApplicationContext : Root WebApplicationContext: initialization completed in 944 ms
2022-05-18 12:44:39.679  INFO 3888 --- [main] c.a.d.s.b.a.DruidDataSourceAutoConfigure : Init DruidDataSource
2022-05-18 12:44:39.776  INFO 3888 --- [main] com.alibaba.druid.pool.DruidDataSource   : {dataSource-1} inited
2022-05-18 12:44:40.379  INFO 3888 --- [main] o.s.b.w.embedded.tomcat.TomcatWebServer  : Tomcat started on port(s): 3000 (http) with context path ''
2022-05-18 12:44:40.386  INFO 3888 --- [main] c.z.backend.ScanRobotBackendApplication  : Started ScanRobotBackendApplication in 2.153 seconds (JVM running for 3.104)
2022-05-18 13:55:55.579  INFO 12332 --- [main] c.z.backend.ScanRobotBackendApplication  : Starting ScanRobotBackendApplication using Java 1.8.0_332 on DESKTOP-1GM39PP with PID 12332 (D:\GitHub\scan-robot-backend\target\classes started by a3352 in D:\GitHub\scan-robot-backend)
2022-05-18 13:55:55.582  INFO 12332 --- [main] c.z.backend.ScanRobotBackendApplication  : No active profile set, falling back to 1 default profile: "default"
2022-05-18 13:55:56.345  INFO 12332 --- [main] o.s.b.w.embedded.tomcat.TomcatWebServer  : Tomcat initialized with port(s): 3000 (http)
2022-05-18 13:55:56.353  INFO 12332 --- [main] o.apache.catalina.core.StandardService   : Starting service [Tomcat]
2022-05-18 13:55:56.353  INFO 12332 --- [main] org.apache.catalina.core.StandardEngine  : Starting Servlet engine: [Apache Tomcat/9.0.62]
2022-05-18 13:55:56.441  INFO 12332 --- [main] o.a.c.c.C.[Tomcat].[localhost].[/]       : Initializing Spring embedded WebApplicationContext
2022-05-18 13:55:56.442  INFO 12332 --- [main] w.s.c.ServletWebServerApplicationContext : Root WebApplicationContext: initialization completed in 829 ms
2022-05-18 13:55:56.563  INFO 12332 --- [main] c.a.d.s.b.a.DruidDataSourceAutoConfigure : Init DruidDataSource
2022-05-18 13:55:56.657  INFO 12332 --- [main] com.alibaba.druid.pool.DruidDataSource   : {dataSource-1} inited
2022-05-18 13:55:57.313  INFO 12332 --- [main] o.s.b.w.embedded.tomcat.TomcatWebServer  : Tomcat started on port(s): 3000 (http) with context path ''
2022-05-18 13:55:57.320  INFO 12332 --- [main] c.z.backend.ScanRobotBackendApplication  : Started ScanRobotBackendApplication in 2.096 seconds (JVM running for 2.773)
2022-05-18 13:56:19.161  INFO 12332 --- [SpringApplicationShutdownHook] com.alibaba.druid.pool.DruidDataSource   : {dataSource-1} closing ...
2022-05-18 13:56:19.162  INFO 12332 --- [SpringApplicationShutdownHook] com.alibaba.druid.pool.DruidDataSource   : {dataSource-1} closed
